\BOOKMARK [1][-]{section.1}{\376\377\133\236\232\214\173\200\116\313}{}% 1
\BOOKMARK [1][-]{section.2}{\376\377\133\236\232\214\122\115\177\156\121\306\131\007}{}% 2
\BOOKMARK [1][-]{section.3}{\376\377\000P\000a\000r\000t\000\040\000A\000\040\133\236\232\214\121\205\133\271}{}% 3
\BOOKMARK [2][-]{subsection.3.1}{\376\377\000c\000s\000i\000m\000-\000r\000e\000f\000\040\124\175\116\344\210\114\123\302\145\160}{section.3}% 4
\BOOKMARK [2][-]{subsection.3.2}{\376\377\152\041\142\337\177\023\133\130\210\114}{section.3}% 5
\BOOKMARK [2][-]{subsection.3.3}{\376\377\116\343\170\001\133\236\163\260}{section.3}% 6
\BOOKMARK [3][-]{subsubsection.3.3.1}{\376\377\122\006\221\115\121\205\133\130}{subsection.3.3}% 7
\BOOKMARK [3][-]{subsubsection.3.3.2}{\376\377\122\044\145\255\177\023\133\130\162\266\140\001}{subsection.3.3}% 8
\BOOKMARK [3][-]{subsubsection.3.3.3}{\376\377\142\147\210\114\000\040\000e\000v\000i\000c\000t\000i\000o\000n\000\040\144\315\117\134}{subsection.3.3}% 9
\BOOKMARK [3][-]{subsubsection.3.3.4}{\376\377\142\147\210\114\213\373\123\326\144\315\117\134}{subsection.3.3}% 10
\BOOKMARK [3][-]{subsubsection.3.3.5}{\376\377\142\147\210\114\121\231\121\145\177\023\133\130\144\315\117\134}{subsection.3.3}% 11
\BOOKMARK [3][-]{subsubsection.3.3.6}{\376\377\213\241\145\160\126\150}{subsection.3.3}% 12
\BOOKMARK [3][-]{subsubsection.3.3.7}{\376\377\142\123\123\160\121\205\133\130\145\160\143\156}{subsection.3.3}% 13
\BOOKMARK [3][-]{subsubsection.3.3.8}{\376\377\116\073\211\201\142\147\210\114\121\375\145\160}{subsection.3.3}% 14
\BOOKMARK [3][-]{subsubsection.3.3.9}{\376\377\232\161\122\250\121\375\145\160}{subsection.3.3}% 15
\BOOKMARK [3][-]{subsubsection.3.3.10}{\376\377\127\372\147\054\123\302\145\160}{subsection.3.3}% 16
\BOOKMARK [2][-]{subsection.3.4}{\376\377\133\236\232\214\176\323\147\234}{section.3}% 17
\BOOKMARK [1][-]{section.4}{\376\377\000P\000a\000r\000t\000\040\000B\000\040\133\236\232\214\121\205\133\271}{}% 18
\BOOKMARK [2][-]{subsection.4.1}{\376\377\173\200\116\313}{section.4}% 19
\BOOKMARK [2][-]{subsection.4.2}{\376\377\133\236\232\214\121\205\133\271}{section.4}% 20
\BOOKMARK [3][-]{subsubsection.4.2.1}{\376\377\000P\000a\000r\000t\000\040\000B\000.\0001\377\032\000\040\0003\0002\000\040\0003\0002\000\040\000\040\167\351\226\065\217\154\177\156}{subsection.4.2}% 21
\BOOKMARK [3][-]{subsubsection.4.2.2}{\376\377\000P\000a\000r\000t\000\040\000B\000.\0002\377\032\000\040\0006\0004\000\040\0006\0004\000\040\000\040\167\351\226\065\217\154\177\156}{subsection.4.2}% 22
\BOOKMARK [3][-]{subsubsection.4.2.3}{\376\377\000P\000a\000r\000t\000\040\000B\000.\0003\377\032\000\040\0006\0001\000\040\0006\0007\000\040\000\040\167\351\226\065\217\154\177\156}{subsection.4.2}% 23
\BOOKMARK [1][-]{section.5}{\376\377\133\236\232\214\140\073\176\323}{}% 24
\BOOKMARK [1][-]{section.6}{\376\377\226\104\137\125}{}% 25
