This is XeTeX, Version 3.141592653-2.6-0.999996 (TeX Live 2024) (preloaded format=xelatex 2024.4.12)  1 JUN 2024 11:46
entering extended mode
 restricted \write18 enabled.
 file:line:error style messages enabled.
 %&-line parsing enabled.
**10235101526-张梓卫-Lab3
(./10235101526-张梓卫-Lab3.tex
LaTeX2e <2023-11-01> patch level 1
L3 programming layer <2024-02-20>
(d:/LateX TexLive/texlive/2024/texmf-dist/tex/latex/base/article.cls
Document Class: article 2023/05/17 v1.4n Standard LaTeX document class
(d:/LateX TexLive/texlive/2024/texmf-dist/tex/latex/base/size10.clo
File: size10.clo 2023/05/17 v1.4n Standard LaTeX file (size option)
)
\c@part=\count184
\c@section=\count185
\c@subsection=\count186
\c@subsubsection=\count187
\c@paragraph=\count188
\c@subparagraph=\count189
\c@figure=\count190
\c@table=\count191
\abovecaptionskip=\skip48
\belowcaptionskip=\skip49
\bibindent=\dimen140
) (d:/LateX TexLive/texlive/2024/texmf-dist/tex/latex/amsmath/amsmath.sty
Package: amsmath 2023/05/13 v2.17o AMS math features
\@mathmargin=\skip50

For additional information on amsmath, use the `?' option.
(d:/LateX TexLive/texlive/2024/texmf-dist/tex/latex/amsmath/amstext.sty
Package: amstext 2021/08/26 v2.01 AMS text
 (d:/LateX TexLive/texlive/2024/texmf-dist/tex/latex/amsmath/amsgen.sty
File: amsgen.sty 1999/11/30 v2.0 generic functions
\@emptytoks=\toks17
\ex@=\dimen141
)) (d:/LateX TexLive/texlive/2024/texmf-dist/tex/latex/amsmath/amsbsy.sty
Package: amsbsy 1999/11/29 v1.2d Bold Symbols
\pmbraise@=\dimen142
) (d:/LateX TexLive/texlive/2024/texmf-dist/tex/latex/amsmath/amsopn.sty
Package: amsopn 2022/04/08 v2.04 operator names
)
\inf@bad=\count192
LaTeX Info: Redefining \frac on input line 234.
\uproot@=\count193
\leftroot@=\count194
LaTeX Info: Redefining \overline on input line 399.
LaTeX Info: Redefining \colon on input line 410.
\classnum@=\count195
\DOTSCASE@=\count196
LaTeX Info: Redefining \ldots on input line 496.
LaTeX Info: Redefining \dots on input line 499.
LaTeX Info: Redefining \cdots on input line 620.
\Mathstrutbox@=\box51
\strutbox@=\box52
LaTeX Info: Redefining \big on input line 722.
LaTeX Info: Redefining \Big on input line 723.
LaTeX Info: Redefining \bigg on input line 724.
LaTeX Info: Redefining \Bigg on input line 725.
\big@size=\dimen143
LaTeX Font Info:    Redeclaring font encoding OML on input line 743.
LaTeX Font Info:    Redeclaring font encoding OMS on input line 744.
\macc@depth=\count197
LaTeX Info: Redefining \bmod on input line 905.
LaTeX Info: Redefining \pmod on input line 910.
LaTeX Info: Redefining \smash on input line 940.
LaTeX Info: Redefining \relbar on input line 970.
LaTeX Info: Redefining \Relbar on input line 971.
\c@MaxMatrixCols=\count198
\dotsspace@=\muskip16
\c@parentequation=\count199
\dspbrk@lvl=\count266
\tag@help=\toks18
\row@=\count267
\column@=\count268
\maxfields@=\count269
\andhelp@=\toks19
\eqnshift@=\dimen144
\alignsep@=\dimen145
\tagshift@=\dimen146
\tagwidth@=\dimen147
\totwidth@=\dimen148
\lineht@=\dimen149
\@envbody=\toks20
\multlinegap=\skip51
\multlinetaggap=\skip52
\mathdisplay@stack=\toks21
LaTeX Info: Redefining \[ on input line 2953.
LaTeX Info: Redefining \] on input line 2954.
) (d:/LateX TexLive/texlive/2024/texmf-dist/tex/latex/graphics/graphicx.sty
Package: graphicx 2021/09/16 v1.2d Enhanced LaTeX Graphics (DPC,SPQR)
 (d:/LateX TexLive/texlive/2024/texmf-dist/tex/latex/graphics/keyval.sty
Package: keyval 2022/05/29 v1.15 key=value parser (DPC)
\KV@toks@=\toks22
) (d:/LateX TexLive/texlive/2024/texmf-dist/tex/latex/graphics/graphics.sty
Package: graphics 2022/03/10 v1.4e Standard LaTeX Graphics (DPC,SPQR)
 (d:/LateX TexLive/texlive/2024/texmf-dist/tex/latex/graphics/trig.sty
Package: trig 2021/08/11 v1.11 sin cos tan (DPC)
) (d:/LateX TexLive/texlive/2024/texmf-dist/tex/latex/graphics-cfg/graphics.cfg
File: graphics.cfg 2016/06/04 v1.11 sample graphics configuration
)
Package graphics Info: Driver file: xetex.def on input line 107.
 (d:/LateX TexLive/texlive/2024/texmf-dist/tex/latex/graphics-def/xetex.def
File: xetex.def 2022/09/22 v5.0n Graphics/color driver for xetex
))
\Gin@req@height=\dimen150
\Gin@req@width=\dimen151
) (d:/LateX TexLive/texlive/2024/texmf-dist/tex/latex/geometry/geometry.sty
Package: geometry 2020/01/02 v5.9 Page Geometry
 (d:/LateX TexLive/texlive/2024/texmf-dist/tex/generic/iftex/ifvtex.sty
Package: ifvtex 2019/10/25 v1.7 ifvtex legacy package. Use iftex instead.
 (d:/LateX TexLive/texlive/2024/texmf-dist/tex/generic/iftex/iftex.sty
Package: iftex 2022/02/03 v1.0f TeX engine tests
))
\Gm@cnth=\count270
\Gm@cntv=\count271
\c@Gm@tempcnt=\count272
\Gm@bindingoffset=\dimen152
\Gm@wd@mp=\dimen153
\Gm@odd@mp=\dimen154
\Gm@even@mp=\dimen155
\Gm@layoutwidth=\dimen156
\Gm@layoutheight=\dimen157
\Gm@layouthoffset=\dimen158
\Gm@layoutvoffset=\dimen159
\Gm@dimlist=\toks23
) (d:/LateX TexLive/texlive/2024/texmf-dist/tex/latex/ctex/ctex.sty (d:/LateX TexLive/texlive/2024/texmf-dist/tex/latex/l3kernel/expl3.sty
Package: expl3 2024-02-20 L3 programming layer (loader) 
 (d:/LateX TexLive/texlive/2024/texmf-dist/tex/latex/l3backend/l3backend-xetex.def
File: l3backend-xetex.def 2024-02-20 L3 backend support: XeTeX
\g__graphics_track_int=\count273
\l__pdf_internal_box=\box53
\g__pdf_backend_object_int=\count274
\g__pdf_backend_annotation_int=\count275
\g__pdf_backend_link_int=\count276
))
Package: ctex 2022/07/14 v2.5.10 Chinese adapter in LaTeX (CTEX)
 (d:/LateX TexLive/texlive/2024/texmf-dist/tex/latex/ctex/ctexhook.sty
Package: ctexhook 2022/07/14 v2.5.10 Document and package hooks (CTEX)
) (d:/LateX TexLive/texlive/2024/texmf-dist/tex/latex/ctex/ctexpatch.sty
Package: ctexpatch 2022/07/14 v2.5.10 Patching commands (CTEX)
) (d:/LateX TexLive/texlive/2024/texmf-dist/tex/latex/base/fix-cm.sty
Package: fix-cm 2020/11/24 v1.1t fixes to LaTeX
 (d:/LateX TexLive/texlive/2024/texmf-dist/tex/latex/base/ts1enc.def
File: ts1enc.def 2001/06/05 v3.0e (jk/car/fm) Standard LaTeX file
LaTeX Font Info:    Redeclaring font encoding TS1 on input line 47.
))
\l__ctex_tmp_int=\count277
\l__ctex_tmp_box=\box54
\l__ctex_tmp_dim=\dimen160
\g__ctex_section_depth_int=\count278
\g__ctex_font_size_int=\count279
 (d:/LateX TexLive/texlive/2024/texmf-dist/tex/latex/ctex/config/ctexopts.cfg
File: ctexopts.cfg 2022/07/14 v2.5.10 Option configuration file (CTEX)
) (d:/LateX TexLive/texlive/2024/texmf-dist/tex/latex/ctex/engine/ctex-engine-xetex.def
File: ctex-engine-xetex.def 2022/07/14 v2.5.10 XeLaTeX adapter (CTEX)
 (d:/LateX TexLive/texlive/2024/texmf-dist/tex/xelatex/xecjk/xeCJK.sty
Package: xeCJK 2022/08/05 v3.9.1 Typesetting CJK scripts with XeLaTeX
 (d:/LateX TexLive/texlive/2024/texmf-dist/tex/latex/l3packages/xtemplate/xtemplate.sty (d:/LateX TexLive/texlive/2024/texmf-dist/tex/latex/l3packages/xtemplate/xtemplate-2023-10-10.sty
Package: xtemplate 2023-10-10 L3 Experimental prototype document functions
\l__xtemplate_tmp_dim=\dimen161
\l__xtemplate_tmp_int=\count280
\l__xtemplate_tmp_muskip=\muskip17
\l__xtemplate_tmp_skip=\skip53
))
\l__xeCJK_tmp_int=\count281
\l__xeCJK_tmp_box=\box55
\l__xeCJK_tmp_dim=\dimen162
\l__xeCJK_tmp_skip=\skip54
\g__xeCJK_space_factor_int=\count282
\l__xeCJK_begin_int=\count283
\l__xeCJK_end_int=\count284
\c__xeCJK_CJK_class_int=\XeTeXcharclass1
\c__xeCJK_FullLeft_class_int=\XeTeXcharclass2
\c__xeCJK_FullRight_class_int=\XeTeXcharclass3
\c__xeCJK_HalfLeft_class_int=\XeTeXcharclass4
\c__xeCJK_HalfRight_class_int=\XeTeXcharclass5
\c__xeCJK_NormalSpace_class_int=\XeTeXcharclass6
\c__xeCJK_CM_class_int=\XeTeXcharclass7
\c__xeCJK_HangulJamo_class_int=\XeTeXcharclass8
\l__xeCJK_last_skip=\skip55
\c__xeCJK_none_node=\count285
\g__xeCJK_node_int=\count286
\c__xeCJK_CJK_node_dim=\dimen163
\c__xeCJK_CJK-space_node_dim=\dimen164
\c__xeCJK_default_node_dim=\dimen165
\c__xeCJK_CJK-widow_node_dim=\dimen166
\c__xeCJK_normalspace_node_dim=\dimen167
\c__xeCJK_default-space_node_skip=\skip56
\l__xeCJK_ccglue_skip=\skip57
\l__xeCJK_ecglue_skip=\skip58
\l__xeCJK_punct_kern_skip=\skip59
\l__xeCJK_indent_box=\box56
\l__xeCJK_last_penalty_int=\count287
\l__xeCJK_last_bound_dim=\dimen168
\l__xeCJK_last_kern_dim=\dimen169
\l__xeCJK_widow_penalty_int=\count288

Package xtemplate Info: Declaring object type 'xeCJK/punctuation' taking 0
(xtemplate)             argument(s) on line 2396.

\l__xeCJK_fixed_punct_width_dim=\dimen170
\l__xeCJK_mixed_punct_width_dim=\dimen171
\l__xeCJK_middle_punct_width_dim=\dimen172
\l__xeCJK_fixed_margin_width_dim=\dimen173
\l__xeCJK_mixed_margin_width_dim=\dimen174
\l__xeCJK_middle_margin_width_dim=\dimen175
\l__xeCJK_bound_punct_width_dim=\dimen176
\l__xeCJK_bound_margin_width_dim=\dimen177
\l__xeCJK_margin_minimum_dim=\dimen178
\l__xeCJK_kerning_total_width_dim=\dimen179
\l__xeCJK_same_align_margin_dim=\dimen180
\l__xeCJK_different_align_margin_dim=\dimen181
\l__xeCJK_kerning_margin_width_dim=\dimen182
\l__xeCJK_kerning_margin_minimum_dim=\dimen183
\l__xeCJK_bound_dim=\dimen184
\l__xeCJK_reverse_bound_dim=\dimen185
\l__xeCJK_margin_dim=\dimen186
\l__xeCJK_minimum_bound_dim=\dimen187
\l__xeCJK_kerning_margin_dim=\dimen188
\g__xeCJK_family_int=\count289
\l__xeCJK_fam_int=\count290
\g__xeCJK_fam_allocation_int=\count291
\l__xeCJK_verb_case_int=\count292
\l__xeCJK_verb_exspace_skip=\skip60
 (d:/LateX TexLive/texlive/2024/texmf-dist/tex/latex/fontspec/fontspec.sty (d:/LateX TexLive/texlive/2024/texmf-dist/tex/latex/l3packages/xparse/xparse.sty
Package: xparse 2024-02-18 L3 Experimental document command parser
)
Package: fontspec 2024/02/13 v2.9a Font selection for XeLaTeX and LuaLaTeX
 (d:/LateX TexLive/texlive/2024/texmf-dist/tex/latex/fontspec/fontspec-xetex.sty
Package: fontspec-xetex 2024/02/13 v2.9a Font selection for XeLaTeX and LuaLaTeX
\l__fontspec_script_int=\count293
\l__fontspec_language_int=\count294
\l__fontspec_strnum_int=\count295
\l__fontspec_tmp_int=\count296
\l__fontspec_tmpa_int=\count297
\l__fontspec_tmpb_int=\count298
\l__fontspec_tmpc_int=\count299
\l__fontspec_em_int=\count300
\l__fontspec_emdef_int=\count301
\l__fontspec_strong_int=\count302
\l__fontspec_strongdef_int=\count303
\l__fontspec_tmpa_dim=\dimen189
\l__fontspec_tmpb_dim=\dimen190
\l__fontspec_tmpc_dim=\dimen191
 (d:/LateX TexLive/texlive/2024/texmf-dist/tex/latex/base/fontenc.sty
Package: fontenc 2021/04/29 v2.0v Standard LaTeX package
) (d:/LateX TexLive/texlive/2024/texmf-dist/tex/latex/fontspec/fontspec.cfg))) (d:/LateX TexLive/texlive/2024/texmf-dist/tex/xelatex/xecjk/xeCJK.cfg
File: xeCJK.cfg 2022/08/05 v3.9.1 Configuration file for xeCJK package
))
\ccwd=\dimen192
\l__ctex_ccglue_skip=\skip61
)
\l__ctex_ziju_dim=\dimen193
 (d:/LateX TexLive/texlive/2024/texmf-dist/tex/latex/zhnumber/zhnumber.sty
Package: zhnumber 2022/07/14 v3.0 Typesetting numbers with Chinese glyphs
\l__zhnum_scale_int=\count304
\l__zhnum_tmp_int=\count305
 (d:/LateX TexLive/texlive/2024/texmf-dist/tex/latex/zhnumber/zhnumber-utf8.cfg
File: zhnumber-utf8.cfg 2022/07/14 v3.0 Chinese numerals with UTF8 encoding
)) (d:/LateX TexLive/texlive/2024/texmf-dist/tex/latex/ctex/scheme/ctex-scheme-chinese.def
File: ctex-scheme-chinese.def 2022/07/14 v2.5.10 Chinese scheme for generic (CTEX)
 (d:/LateX TexLive/texlive/2024/texmf-dist/tex/latex/ctex/config/ctex-name-utf8.cfg
File: ctex-name-utf8.cfg 2022/07/14 v2.5.10 Caption with encoding UTF-8 (CTEX)
)) (d:/LateX TexLive/texlive/2024/texmf-dist/tex/latex/tools/indentfirst.sty
Package: indentfirst 2023/07/02 v1.03 Indent first paragraph (DPC)
) (d:/LateX TexLive/texlive/2024/texmf-dist/tex/latex/ctex/fontset/ctex-fontset-windows.def
File: ctex-fontset-windows.def 2022/07/14 v2.5.10 Windows fonts definition (CTEX)

Package fontspec Info: Could not resolve font "KaiTi/B" (it probably doesn't
(fontspec)             exist).


Package fontspec Info: Could not resolve font "SimHei/I" (it probably doesn't
(fontspec)             exist).


Package fontspec Info: Could not resolve font "SimSun/BI" (it probably doesn't
(fontspec)             exist).


Package fontspec Info: Font family 'SimSun(0)' created for font 'SimSun' with
(fontspec)             options
(fontspec)             [Script={CJK},BoldFont={SimHei},ItalicFont={KaiTi}].
(fontspec)              
(fontspec)              This font family consists of the following NFSS
(fontspec)             series/shapes:
(fontspec)              
(fontspec)             - 'normal' (m/n) with NFSS spec.:
(fontspec)             <->"SimSun/OT:script=hani;language=dflt;"
(fontspec)             - 'small caps'  (m/sc) with NFSS spec.: 
(fontspec)             - 'bold' (b/n) with NFSS spec.:
(fontspec)             <->"SimHei/OT:script=hani;language=dflt;"
(fontspec)             - 'bold small caps'  (b/sc) with NFSS spec.: 
(fontspec)             - 'italic' (m/it) with NFSS spec.:
(fontspec)             <->"KaiTi/OT:script=hani;language=dflt;"
(fontspec)             - 'italic small caps'  (m/scit) with NFSS spec.: 

)) (d:/LateX TexLive/texlive/2024/texmf-dist/tex/latex/ctex/config/ctex.cfg
File: ctex.cfg 2022/07/14 v2.5.10 Configuration file (CTEX)
) (d:/LateX TexLive/texlive/2024/texmf-dist/tex/latex/booktabs/booktabs.sty
Package: booktabs 2020/01/12 v1.61803398 Publication quality tables
\heavyrulewidth=\dimen194
\lightrulewidth=\dimen195
\cmidrulewidth=\dimen196
\belowrulesep=\dimen197
\belowbottomsep=\dimen198
\aboverulesep=\dimen199
\abovetopsep=\dimen256
\cmidrulesep=\dimen257
\cmidrulekern=\dimen258
\defaultaddspace=\dimen259
\@cmidla=\count306
\@cmidlb=\count307
\@aboverulesep=\dimen260
\@belowrulesep=\dimen261
\@thisruleclass=\count308
\@lastruleclass=\count309
\@thisrulewidth=\dimen262
) (d:/LateX TexLive/texlive/2024/texmf-dist/tex/latex/titlesec/titlesec.sty
Package: titlesec 2023/10/27 v2.16 Sectioning titles
\ttl@box=\box57
\beforetitleunit=\skip62
\aftertitleunit=\skip63
\ttl@plus=\dimen263
\ttl@minus=\dimen264
\ttl@toksa=\toks24
\titlewidth=\dimen265
\titlewidthlast=\dimen266
\titlewidthfirst=\dimen267
) (d:/LateX TexLive/texlive/2024/texmf-dist/tex/latex/fancyhdr/fancyhdr.sty
Package: fancyhdr 2022/11/09 v4.1 Extensive control of page headers and footers
\f@nch@headwidth=\skip64
\f@nch@O@elh=\skip65
\f@nch@O@erh=\skip66
\f@nch@O@olh=\skip67
\f@nch@O@orh=\skip68
\f@nch@O@elf=\skip69
\f@nch@O@erf=\skip70
\f@nch@O@olf=\skip71
\f@nch@O@orf=\skip72
) (d:/LateX TexLive/texlive/2024/texmf-dist/tex/latex/lastpage/lastpage.sty
Package: lastpage 2023/10/14 v2.0e lastpage: 2.09 or 2e? (HMM)
 (d:/LateX TexLive/texlive/2024/texmf-dist/tex/latex/lastpage/lastpage2e.sty
Package: lastpage2e 2023/10/14 v2.0e Decide which 2e lastpage version to use (HMM)
 (d:/LateX TexLive/texlive/2024/texmf-dist/tex/latex/lastpage/lastpagemodern.sty
Package: lastpagemodern 2023-10-14 v2.0e Refers to last page's name (HMM; JPG)
\c@lastpagecount=\count310
) 
)) (d:/LateX TexLive/texlive/2024/texmf-dist/tex/latex/listings/listings.sty
\lst@mode=\count311
\lst@gtempboxa=\box58
\lst@token=\toks25
\lst@length=\count312
\lst@currlwidth=\dimen268
\lst@column=\count313
\lst@pos=\count314
\lst@lostspace=\dimen269
\lst@width=\dimen270
\lst@newlines=\count315
\lst@lineno=\count316
\lst@maxwidth=\dimen271
 (d:/LateX TexLive/texlive/2024/texmf-dist/tex/latex/listings/lstpatch.sty
File: lstpatch.sty 2024/02/21 1.10 (Carsten Heinz)
) (d:/LateX TexLive/texlive/2024/texmf-dist/tex/latex/listings/lstmisc.sty
File: lstmisc.sty 2024/02/21 1.10 (Carsten Heinz)
\c@lstnumber=\count317
\lst@skipnumbers=\count318
\lst@framebox=\box59
) (d:/LateX TexLive/texlive/2024/texmf-dist/tex/latex/listings/listings.cfg
File: listings.cfg 2024/02/21 1.10 listings configuration
))
Package: listings 2024/02/21 1.10 (Carsten Heinz)
 (d:/LateX TexLive/texlive/2024/texmf-dist/tex/xelatex/xecjk/xeCJK-listings.sty
Package: xeCJK-listings 2022/08/05 v3.9.1 xeCJK patch file for listings
\l__xeCJK_listings_max_char_int=\count319
\l__xeCJK_listings_flag_int=\count320
) (d:/LateX TexLive/texlive/2024/texmf-dist/tex/latex/xcolor/xcolor.sty
Package: xcolor 2023/11/15 v3.01 LaTeX color extensions (UK)
 (d:/LateX TexLive/texlive/2024/texmf-dist/tex/latex/graphics-cfg/color.cfg
File: color.cfg 2016/01/02 v1.6 sample color configuration
)
Package xcolor Info: Driver file: xetex.def on input line 274.
 (d:/LateX TexLive/texlive/2024/texmf-dist/tex/latex/graphics/mathcolor.ltx)
Package xcolor Info: Model `cmy' substituted by `cmy0' on input line 1350.
Package xcolor Info: Model `RGB' extended on input line 1366.
Package xcolor Info: Model `HTML' substituted by `rgb' on input line 1368.
Package xcolor Info: Model `Hsb' substituted by `hsb' on input line 1369.
Package xcolor Info: Model `tHsb' substituted by `hsb' on input line 1370.
Package xcolor Info: Model `HSB' substituted by `hsb' on input line 1371.
Package xcolor Info: Model `Gray' substituted by `gray' on input line 1372.
Package xcolor Info: Model `wave' substituted by `hsb' on input line 1373.
) (d:/LateX TexLive/texlive/2024/texmf-dist/tex/latex/hyperref/hyperref.sty
Package: hyperref 2024-01-20 v7.01h Hypertext links for LaTeX
 (d:/LateX TexLive/texlive/2024/texmf-dist/tex/latex/kvsetkeys/kvsetkeys.sty
Package: kvsetkeys 2022-10-05 v1.19 Key value parser (HO)
) (d:/LateX TexLive/texlive/2024/texmf-dist/tex/generic/kvdefinekeys/kvdefinekeys.sty
Package: kvdefinekeys 2019-12-19 v1.6 Define keys (HO)
) (d:/LateX TexLive/texlive/2024/texmf-dist/tex/generic/pdfescape/pdfescape.sty
Package: pdfescape 2019/12/09 v1.15 Implements pdfTeX's escape features (HO)
 (d:/LateX TexLive/texlive/2024/texmf-dist/tex/generic/ltxcmds/ltxcmds.sty
Package: ltxcmds 2023-12-04 v1.26 LaTeX kernel commands for general use (HO)
) (d:/LateX TexLive/texlive/2024/texmf-dist/tex/generic/pdftexcmds/pdftexcmds.sty
Package: pdftexcmds 2020-06-27 v0.33 Utility functions of pdfTeX for LuaTeX (HO)
 (d:/LateX TexLive/texlive/2024/texmf-dist/tex/generic/infwarerr/infwarerr.sty
Package: infwarerr 2019/12/03 v1.5 Providing info/warning/error messages (HO)
)
Package pdftexcmds Info: \pdf@primitive is available.
Package pdftexcmds Info: \pdf@ifprimitive is available.
Package pdftexcmds Info: \pdfdraftmode not found.
)) (d:/LateX TexLive/texlive/2024/texmf-dist/tex/latex/hycolor/hycolor.sty
Package: hycolor 2020-01-27 v1.10 Color options for hyperref/bookmark (HO)
) (d:/LateX TexLive/texlive/2024/texmf-dist/tex/latex/auxhook/auxhook.sty
Package: auxhook 2019-12-17 v1.6 Hooks for auxiliary files (HO)
) (d:/LateX TexLive/texlive/2024/texmf-dist/tex/latex/hyperref/nameref.sty
Package: nameref 2023-11-26 v2.56 Cross-referencing by name of section
 (d:/LateX TexLive/texlive/2024/texmf-dist/tex/latex/refcount/refcount.sty
Package: refcount 2019/12/15 v3.6 Data extraction from label references (HO)
) (d:/LateX TexLive/texlive/2024/texmf-dist/tex/generic/gettitlestring/gettitlestring.sty
Package: gettitlestring 2019/12/15 v1.6 Cleanup title references (HO)
 (d:/LateX TexLive/texlive/2024/texmf-dist/tex/latex/kvoptions/kvoptions.sty
Package: kvoptions 2022-06-15 v3.15 Key value format for package options (HO)
))
\c@section@level=\count321
) (d:/LateX TexLive/texlive/2024/texmf-dist/tex/latex/etoolbox/etoolbox.sty
Package: etoolbox 2020/10/05 v2.5k e-TeX tools for LaTeX (JAW)
\etb@tempcnta=\count322
)
\@linkdim=\dimen272
\Hy@linkcounter=\count323
\Hy@pagecounter=\count324
 (d:/LateX TexLive/texlive/2024/texmf-dist/tex/latex/hyperref/pd1enc.def
File: pd1enc.def 2024-01-20 v7.01h Hyperref: PDFDocEncoding definition (HO)
) (d:/LateX TexLive/texlive/2024/texmf-dist/tex/generic/intcalc/intcalc.sty
Package: intcalc 2019/12/15 v1.3 Expandable calculations with integers (HO)
)
\Hy@SavedSpaceFactor=\count325
 (d:/LateX TexLive/texlive/2024/texmf-dist/tex/latex/hyperref/puenc.def
File: puenc.def 2024-01-20 v7.01h Hyperref: PDF Unicode definition (HO)
)
Package hyperref Info: Option `unicode' set `true' on input line 4062.
Package hyperref Info: Hyper figures OFF on input line 4179.
Package hyperref Info: Link nesting OFF on input line 4184.
Package hyperref Info: Hyper index ON on input line 4187.
Package hyperref Info: Plain pages OFF on input line 4194.
Package hyperref Info: Backreferencing OFF on input line 4199.
Package hyperref Info: Implicit mode ON; LaTeX internals redefined.
Package hyperref Info: Bookmarks ON on input line 4446.
\c@Hy@tempcnt=\count326
 (d:/LateX TexLive/texlive/2024/texmf-dist/tex/latex/url/url.sty
\Urlmuskip=\muskip18
Package: url 2013/09/16  ver 3.4  Verb mode for urls, etc.
)
LaTeX Info: Redefining \url on input line 4784.
\XeTeXLinkMargin=\dimen273
 (d:/LateX TexLive/texlive/2024/texmf-dist/tex/generic/bitset/bitset.sty
Package: bitset 2019/12/09 v1.3 Handle bit-vector datatype (HO)
 (d:/LateX TexLive/texlive/2024/texmf-dist/tex/generic/bigintcalc/bigintcalc.sty
Package: bigintcalc 2019/12/15 v1.5 Expandable calculations on big integers (HO)
))
\Fld@menulength=\count327
\Field@Width=\dimen274
\Fld@charsize=\dimen275
Package hyperref Info: Hyper figures OFF on input line 6063.
Package hyperref Info: Link nesting OFF on input line 6068.
Package hyperref Info: Hyper index ON on input line 6071.
Package hyperref Info: backreferencing OFF on input line 6078.
Package hyperref Info: Link coloring OFF on input line 6083.
Package hyperref Info: Link coloring with OCG OFF on input line 6088.
Package hyperref Info: PDF/A mode OFF on input line 6093.
 (d:/LateX TexLive/texlive/2024/texmf-dist/tex/latex/base/atbegshi-ltx.sty
Package: atbegshi-ltx 2021/01/10 v1.0c Emulation of the original atbegshi
package with kernel methods
)
\Hy@abspage=\count328
\c@Item=\count329
\c@Hfootnote=\count330
)
Package hyperref Info: Driver (autodetected): hxetex.
 (d:/LateX TexLive/texlive/2024/texmf-dist/tex/latex/hyperref/hxetex.def
File: hxetex.def 2024-01-20 v7.01h Hyperref driver for XeTeX
 (d:/LateX TexLive/texlive/2024/texmf-dist/tex/generic/stringenc/stringenc.sty
Package: stringenc 2019/11/29 v1.12 Convert strings between diff. encodings (HO)
)
\pdfm@box=\box60
\c@Hy@AnnotLevel=\count331
\HyField@AnnotCount=\count332
\Fld@listcount=\count333
\c@bookmark@seq@number=\count334
 (d:/LateX TexLive/texlive/2024/texmf-dist/tex/latex/rerunfilecheck/rerunfilecheck.sty
Package: rerunfilecheck 2022-07-10 v1.10 Rerun checks for auxiliary files (HO)
 (d:/LateX TexLive/texlive/2024/texmf-dist/tex/latex/base/atveryend-ltx.sty
Package: atveryend-ltx 2020/08/19 v1.0a Emulation of the original atveryend package
with kernel methods
) (d:/LateX TexLive/texlive/2024/texmf-dist/tex/generic/uniquecounter/uniquecounter.sty
Package: uniquecounter 2019/12/15 v1.4 Provide unlimited unique counter (HO)
)
Package uniquecounter Info: New unique counter `rerunfilecheck' on input line 285.
)
\Hy@SectionHShift=\skip73
) (d:/LateX TexLive/texlive/2024/texmf-dist/tex/latex/pgf/frontendlayer/tikz.sty (d:/LateX TexLive/texlive/2024/texmf-dist/tex/latex/pgf/basiclayer/pgf.sty (d:/LateX TexLive/texlive/2024/texmf-dist/tex/latex/pgf/utilities/pgfrcs.sty (d:/LateX TexLive/texlive/2024/texmf-dist/tex/generic/pgf/utilities/pgfutil-common.tex
\pgfutil@everybye=\toks26
\pgfutil@tempdima=\dimen276
\pgfutil@tempdimb=\dimen277
) (d:/LateX TexLive/texlive/2024/texmf-dist/tex/generic/pgf/utilities/pgfutil-latex.def
\pgfutil@abb=\box61
) (d:/LateX TexLive/texlive/2024/texmf-dist/tex/generic/pgf/utilities/pgfrcs.code.tex (d:/LateX TexLive/texlive/2024/texmf-dist/tex/generic/pgf/pgf.revision.tex)
Package: pgfrcs 2023-01-15 v3.1.10 (3.1.10)
))
Package: pgf 2023-01-15 v3.1.10 (3.1.10)
 (d:/LateX TexLive/texlive/2024/texmf-dist/tex/latex/pgf/basiclayer/pgfcore.sty (d:/LateX TexLive/texlive/2024/texmf-dist/tex/latex/pgf/systemlayer/pgfsys.sty (d:/LateX TexLive/texlive/2024/texmf-dist/tex/generic/pgf/systemlayer/pgfsys.code.tex
Package: pgfsys 2023-01-15 v3.1.10 (3.1.10)
 (d:/LateX TexLive/texlive/2024/texmf-dist/tex/generic/pgf/utilities/pgfkeys.code.tex
\pgfkeys@pathtoks=\toks27
\pgfkeys@temptoks=\toks28
 (d:/LateX TexLive/texlive/2024/texmf-dist/tex/generic/pgf/utilities/pgfkeyslibraryfiltered.code.tex
\pgfkeys@tmptoks=\toks29
))
\pgf@x=\dimen278
\pgf@y=\dimen279
\pgf@xa=\dimen280
\pgf@ya=\dimen281
\pgf@xb=\dimen282
\pgf@yb=\dimen283
\pgf@xc=\dimen284
\pgf@yc=\dimen285
\pgf@xd=\dimen286
\pgf@yd=\dimen287
\w@pgf@writea=\write3
\r@pgf@reada=\read2
\c@pgf@counta=\count335
\c@pgf@countb=\count336
\c@pgf@countc=\count337
\c@pgf@countd=\count338
\t@pgf@toka=\toks30
\t@pgf@tokb=\toks31
\t@pgf@tokc=\toks32
\pgf@sys@id@count=\count339
 (d:/LateX TexLive/texlive/2024/texmf-dist/tex/generic/pgf/systemlayer/pgf.cfg
File: pgf.cfg 2023-01-15 v3.1.10 (3.1.10)
)
Driver file for pgf: pgfsys-xetex.def
 (d:/LateX TexLive/texlive/2024/texmf-dist/tex/generic/pgf/systemlayer/pgfsys-xetex.def
File: pgfsys-xetex.def 2023-01-15 v3.1.10 (3.1.10)
 (d:/LateX TexLive/texlive/2024/texmf-dist/tex/generic/pgf/systemlayer/pgfsys-dvipdfmx.def
File: pgfsys-dvipdfmx.def 2023-01-15 v3.1.10 (3.1.10)
 (d:/LateX TexLive/texlive/2024/texmf-dist/tex/generic/pgf/systemlayer/pgfsys-common-pdf.def
File: pgfsys-common-pdf.def 2023-01-15 v3.1.10 (3.1.10)
)
\pgfsys@objnum=\count340
))) (d:/LateX TexLive/texlive/2024/texmf-dist/tex/generic/pgf/systemlayer/pgfsyssoftpath.code.tex
File: pgfsyssoftpath.code.tex 2023-01-15 v3.1.10 (3.1.10)
\pgfsyssoftpath@smallbuffer@items=\count341
\pgfsyssoftpath@bigbuffer@items=\count342
) (d:/LateX TexLive/texlive/2024/texmf-dist/tex/generic/pgf/systemlayer/pgfsysprotocol.code.tex
File: pgfsysprotocol.code.tex 2023-01-15 v3.1.10 (3.1.10)
)) (d:/LateX TexLive/texlive/2024/texmf-dist/tex/generic/pgf/basiclayer/pgfcore.code.tex
Package: pgfcore 2023-01-15 v3.1.10 (3.1.10)
 (d:/LateX TexLive/texlive/2024/texmf-dist/tex/generic/pgf/math/pgfmath.code.tex (d:/LateX TexLive/texlive/2024/texmf-dist/tex/generic/pgf/math/pgfmathutil.code.tex) (d:/LateX TexLive/texlive/2024/texmf-dist/tex/generic/pgf/math/pgfmathparser.code.tex
\pgfmath@dimen=\dimen288
\pgfmath@count=\count343
\pgfmath@box=\box62
\pgfmath@toks=\toks33
\pgfmath@stack@operand=\toks34
\pgfmath@stack@operation=\toks35
) (d:/LateX TexLive/texlive/2024/texmf-dist/tex/generic/pgf/math/pgfmathfunctions.code.tex) (d:/LateX TexLive/texlive/2024/texmf-dist/tex/generic/pgf/math/pgfmathfunctions.basic.code.tex) (d:/LateX TexLive/texlive/2024/texmf-dist/tex/generic/pgf/math/pgfmathfunctions.trigonometric.code.tex) (d:/LateX TexLive/texlive/2024/texmf-dist/tex/generic/pgf/math/pgfmathfunctions.random.code.tex) (d:/LateX TexLive/texlive/2024/texmf-dist/tex/generic/pgf/math/pgfmathfunctions.comparison.code.tex) (d:/LateX TexLive/texlive/2024/texmf-dist/tex/generic/pgf/math/pgfmathfunctions.base.code.tex) (d:/LateX TexLive/texlive/2024/texmf-dist/tex/generic/pgf/math/pgfmathfunctions.round.code.tex) (d:/LateX TexLive/texlive/2024/texmf-dist/tex/generic/pgf/math/pgfmathfunctions.misc.code.tex) (d:/LateX TexLive/texlive/2024/texmf-dist/tex/generic/pgf/math/pgfmathfunctions.integerarithmetics.code.tex) (d:/LateX TexLive/texlive/2024/texmf-dist/tex/generic/pgf/math/pgfmathcalc.code.tex) (d:/LateX TexLive/texlive/2024/texmf-dist/tex/generic/pgf/math/pgfmathfloat.code.tex
\c@pgfmathroundto@lastzeros=\count344
)) (d:/LateX TexLive/texlive/2024/texmf-dist/tex/generic/pgf/math/pgfint.code.tex) (d:/LateX TexLive/texlive/2024/texmf-dist/tex/generic/pgf/basiclayer/pgfcorepoints.code.tex
File: pgfcorepoints.code.tex 2023-01-15 v3.1.10 (3.1.10)
\pgf@picminx=\dimen289
\pgf@picmaxx=\dimen290
\pgf@picminy=\dimen291
\pgf@picmaxy=\dimen292
\pgf@pathminx=\dimen293
\pgf@pathmaxx=\dimen294
\pgf@pathminy=\dimen295
\pgf@pathmaxy=\dimen296
\pgf@xx=\dimen297
\pgf@xy=\dimen298
\pgf@yx=\dimen299
\pgf@yy=\dimen300
\pgf@zx=\dimen301
\pgf@zy=\dimen302
) (d:/LateX TexLive/texlive/2024/texmf-dist/tex/generic/pgf/basiclayer/pgfcorepathconstruct.code.tex
File: pgfcorepathconstruct.code.tex 2023-01-15 v3.1.10 (3.1.10)
\pgf@path@lastx=\dimen303
\pgf@path@lasty=\dimen304
) (d:/LateX TexLive/texlive/2024/texmf-dist/tex/generic/pgf/basiclayer/pgfcorepathusage.code.tex
File: pgfcorepathusage.code.tex 2023-01-15 v3.1.10 (3.1.10)
\pgf@shorten@end@additional=\dimen305
\pgf@shorten@start@additional=\dimen306
) (d:/LateX TexLive/texlive/2024/texmf-dist/tex/generic/pgf/basiclayer/pgfcorescopes.code.tex
File: pgfcorescopes.code.tex 2023-01-15 v3.1.10 (3.1.10)
\pgfpic=\box63
\pgf@hbox=\box64
\pgf@layerbox@main=\box65
\pgf@picture@serial@count=\count345
) (d:/LateX TexLive/texlive/2024/texmf-dist/tex/generic/pgf/basiclayer/pgfcoregraphicstate.code.tex
File: pgfcoregraphicstate.code.tex 2023-01-15 v3.1.10 (3.1.10)
\pgflinewidth=\dimen307
) (d:/LateX TexLive/texlive/2024/texmf-dist/tex/generic/pgf/basiclayer/pgfcoretransformations.code.tex
File: pgfcoretransformations.code.tex 2023-01-15 v3.1.10 (3.1.10)
\pgf@pt@x=\dimen308
\pgf@pt@y=\dimen309
\pgf@pt@temp=\dimen310
) (d:/LateX TexLive/texlive/2024/texmf-dist/tex/generic/pgf/basiclayer/pgfcorequick.code.tex
File: pgfcorequick.code.tex 2023-01-15 v3.1.10 (3.1.10)
) (d:/LateX TexLive/texlive/2024/texmf-dist/tex/generic/pgf/basiclayer/pgfcoreobjects.code.tex
File: pgfcoreobjects.code.tex 2023-01-15 v3.1.10 (3.1.10)
) (d:/LateX TexLive/texlive/2024/texmf-dist/tex/generic/pgf/basiclayer/pgfcorepathprocessing.code.tex
File: pgfcorepathprocessing.code.tex 2023-01-15 v3.1.10 (3.1.10)
) (d:/LateX TexLive/texlive/2024/texmf-dist/tex/generic/pgf/basiclayer/pgfcorearrows.code.tex
File: pgfcorearrows.code.tex 2023-01-15 v3.1.10 (3.1.10)
\pgfarrowsep=\dimen311
) (d:/LateX TexLive/texlive/2024/texmf-dist/tex/generic/pgf/basiclayer/pgfcoreshade.code.tex
File: pgfcoreshade.code.tex 2023-01-15 v3.1.10 (3.1.10)
\pgf@max=\dimen312
\pgf@sys@shading@range@num=\count346
\pgf@shadingcount=\count347
) (d:/LateX TexLive/texlive/2024/texmf-dist/tex/generic/pgf/basiclayer/pgfcoreimage.code.tex
File: pgfcoreimage.code.tex 2023-01-15 v3.1.10 (3.1.10)
) (d:/LateX TexLive/texlive/2024/texmf-dist/tex/generic/pgf/basiclayer/pgfcoreexternal.code.tex
File: pgfcoreexternal.code.tex 2023-01-15 v3.1.10 (3.1.10)
\pgfexternal@startupbox=\box66
) (d:/LateX TexLive/texlive/2024/texmf-dist/tex/generic/pgf/basiclayer/pgfcorelayers.code.tex
File: pgfcorelayers.code.tex 2023-01-15 v3.1.10 (3.1.10)
) (d:/LateX TexLive/texlive/2024/texmf-dist/tex/generic/pgf/basiclayer/pgfcoretransparency.code.tex
File: pgfcoretransparency.code.tex 2023-01-15 v3.1.10 (3.1.10)
) (d:/LateX TexLive/texlive/2024/texmf-dist/tex/generic/pgf/basiclayer/pgfcorepatterns.code.tex
File: pgfcorepatterns.code.tex 2023-01-15 v3.1.10 (3.1.10)
) (d:/LateX TexLive/texlive/2024/texmf-dist/tex/generic/pgf/basiclayer/pgfcorerdf.code.tex
File: pgfcorerdf.code.tex 2023-01-15 v3.1.10 (3.1.10)
))) (d:/LateX TexLive/texlive/2024/texmf-dist/tex/generic/pgf/modules/pgfmoduleshapes.code.tex
File: pgfmoduleshapes.code.tex 2023-01-15 v3.1.10 (3.1.10)
\pgfnodeparttextbox=\box67
) (d:/LateX TexLive/texlive/2024/texmf-dist/tex/generic/pgf/modules/pgfmoduleplot.code.tex
File: pgfmoduleplot.code.tex 2023-01-15 v3.1.10 (3.1.10)
) (d:/LateX TexLive/texlive/2024/texmf-dist/tex/latex/pgf/compatibility/pgfcomp-version-0-65.sty
Package: pgfcomp-version-0-65 2023-01-15 v3.1.10 (3.1.10)
\pgf@nodesepstart=\dimen313
\pgf@nodesepend=\dimen314
) (d:/LateX TexLive/texlive/2024/texmf-dist/tex/latex/pgf/compatibility/pgfcomp-version-1-18.sty
Package: pgfcomp-version-1-18 2023-01-15 v3.1.10 (3.1.10)
)) (d:/LateX TexLive/texlive/2024/texmf-dist/tex/latex/pgf/utilities/pgffor.sty (d:/LateX TexLive/texlive/2024/texmf-dist/tex/latex/pgf/utilities/pgfkeys.sty (d:/LateX TexLive/texlive/2024/texmf-dist/tex/generic/pgf/utilities/pgfkeys.code.tex)) (d:/LateX TexLive/texlive/2024/texmf-dist/tex/latex/pgf/math/pgfmath.sty (d:/LateX TexLive/texlive/2024/texmf-dist/tex/generic/pgf/math/pgfmath.code.tex)) (d:/LateX TexLive/texlive/2024/texmf-dist/tex/generic/pgf/utilities/pgffor.code.tex
Package: pgffor 2023-01-15 v3.1.10 (3.1.10)
\pgffor@iter=\dimen315
\pgffor@skip=\dimen316
\pgffor@stack=\toks36
\pgffor@toks=\toks37
)) (d:/LateX TexLive/texlive/2024/texmf-dist/tex/generic/pgf/frontendlayer/tikz/tikz.code.tex
Package: tikz 2023-01-15 v3.1.10 (3.1.10)
 (d:/LateX TexLive/texlive/2024/texmf-dist/tex/generic/pgf/libraries/pgflibraryplothandlers.code.tex
File: pgflibraryplothandlers.code.tex 2023-01-15 v3.1.10 (3.1.10)
\pgf@plot@mark@count=\count348
\pgfplotmarksize=\dimen317
)
\tikz@lastx=\dimen318
\tikz@lasty=\dimen319
\tikz@lastxsaved=\dimen320
\tikz@lastysaved=\dimen321
\tikz@lastmovetox=\dimen322
\tikz@lastmovetoy=\dimen323
\tikzleveldistance=\dimen324
\tikzsiblingdistance=\dimen325
\tikz@figbox=\box68
\tikz@figbox@bg=\box69
\tikz@tempbox=\box70
\tikz@tempbox@bg=\box71
\tikztreelevel=\count349
\tikznumberofchildren=\count350
\tikznumberofcurrentchild=\count351
\tikz@fig@count=\count352
 (d:/LateX TexLive/texlive/2024/texmf-dist/tex/generic/pgf/modules/pgfmodulematrix.code.tex
File: pgfmodulematrix.code.tex 2023-01-15 v3.1.10 (3.1.10)
\pgfmatrixcurrentrow=\count353
\pgfmatrixcurrentcolumn=\count354
\pgf@matrix@numberofcolumns=\count355
)
\tikz@expandcount=\count356
 (d:/LateX TexLive/texlive/2024/texmf-dist/tex/generic/pgf/frontendlayer/tikz/libraries/tikzlibrarytopaths.code.tex
File: tikzlibrarytopaths.code.tex 2023-01-15 v3.1.10 (3.1.10)
))) (d:/LateX TexLive/texlive/2024/texmf-dist/tex/latex/tikz-qtree/tikz-qtree.sty (d:/LateX TexLive/texlive/2024/texmf-dist/tex/latex/tikz-qtree/pgftree.sty (d:/LateX TexLive/texlive/2024/texmf-dist/tex/latex/tikz-qtree/pgfsubpic.sty (d:/LateX TexLive/texlive/2024/texmf-dist/tex/latex/tikz-qtree/pgfsubpic.tex
\pgf@subpicminx=\dimen326
\pgf@subpicminy=\dimen327
\pgf@subpicmaxx=\dimen328
\pgf@subpicmaxy=\dimen329
)) (d:/LateX TexLive/texlive/2024/texmf-dist/tex/latex/tikz-qtree/pgftree.tex
\levelsep=\dimen330
\subtreesep=\dimen331
\smuggle@levelsep=\dimen332
\smuggle@subtreesep=\dimen333
\this@levelsep=\dimen334
\this@subtreesep=\dimen335
\pgftree@childx=\dimen336
\pgftree@savechildx=\dimen337
\pgftree@childy=\dimen338
\pgftree@savechildy=\dimen339
\pgftree@childi=\count357
\pgftree@savechildi=\count358
\pgftree@level=\count359
\pgftree@depth=\dimen340
\pgf@subpic@hbox@children=\box72
\pgf@subpic@minx@children=\dimen341
\pgf@subpic@miny@children=\dimen342
\pgf@subpic@maxx@children=\dimen343
\pgf@subpic@maxy@children=\dimen344
\pgftree@lastchildx=\dimen345
\pgftree@lastchildy=\dimen346
)) (d:/LateX TexLive/texlive/2024/texmf-dist/tex/latex/tikz-qtree/tikz-qtree.tex
\@result=\toks38
\child@list=\toks39
\root@node=\toks40
)) (d:/LateX TexLive/texlive/2024/texmf-dist/tex/latex/float/float.sty
Package: float 2001/11/08 v1.3d Float enhancements (AL)
\c@float@type=\count360
\float@exts=\toks41
\float@box=\box73
\@float@everytoks=\toks42
\@floatcapt=\box74
) (d:/LateX TexLive/texlive/2024/texmf-dist/tex/latex/subfigure/subfigure.sty
Package: subfigure 2002/03/15 v2.1.5 subfigure package
\subfigtopskip=\skip74
\subfigcapskip=\skip75
\subfigcaptopadj=\dimen347
\subfigbottomskip=\skip76
\subfigcapmargin=\dimen348
\subfiglabelskip=\skip77
\c@subfigure=\count361
\c@lofdepth=\count362
\c@subtable=\count363
\c@lotdepth=\count364

****************************************
* Local config file subfigure.cfg used *
****************************************
(d:/LateX TexLive/texlive/2024/texmf-dist/tex/latex/subfigure/subfigure.cfg)
\subfig@top=\skip78
\subfig@bottom=\skip79
) (./10235101526-张梓卫-Lab3.aux)
\openout1 = `10235101526-张梓卫-Lab3.aux'.

LaTeX Font Info:    Checking defaults for OML/cmm/m/it on input line 157.
LaTeX Font Info:    ... okay on input line 157.
LaTeX Font Info:    Checking defaults for OMS/cmsy/m/n on input line 157.
LaTeX Font Info:    ... okay on input line 157.
LaTeX Font Info:    Checking defaults for OT1/cmr/m/n on input line 157.
LaTeX Font Info:    ... okay on input line 157.
LaTeX Font Info:    Checking defaults for T1/cmr/m/n on input line 157.
LaTeX Font Info:    ... okay on input line 157.
LaTeX Font Info:    Checking defaults for TS1/cmr/m/n on input line 157.
LaTeX Font Info:    ... okay on input line 157.
LaTeX Font Info:    Checking defaults for TU/lmr/m/n on input line 157.
LaTeX Font Info:    ... okay on input line 157.
LaTeX Font Info:    Checking defaults for OMX/cmex/m/n on input line 157.
LaTeX Font Info:    ... okay on input line 157.
LaTeX Font Info:    Checking defaults for U/cmr/m/n on input line 157.
LaTeX Font Info:    ... okay on input line 157.
LaTeX Font Info:    Checking defaults for PD1/pdf/m/n on input line 157.
LaTeX Font Info:    ... okay on input line 157.
LaTeX Font Info:    Checking defaults for PU/pdf/m/n on input line 157.
LaTeX Font Info:    ... okay on input line 157.

*geometry* driver: auto-detecting
*geometry* detected driver: xetex
*geometry* verbose mode - [ preamble ] result:
* driver: xetex
* paper: a4paper
* layout: <same size as paper>
* layoutoffset:(h,v)=(0.0pt,0.0pt)
* modes: twoside 
* h-part:(L,W,R)=(28.45274pt, 540.60239pt, 28.45274pt)
* v-part:(T,H,B)=(56.9055pt, 731.23584pt, 56.9055pt)
* \paperwidth=597.50787pt
* \paperheight=845.04684pt
* \textwidth=540.60239pt
* \textheight=731.23584pt
* \oddsidemargin=-43.81725pt
* \evensidemargin=-43.81725pt
* \topmargin=-52.36449pt
* \headheight=12.0pt
* \headsep=25.0pt
* \topskip=10.0pt
* \footskip=30.0pt
* \marginparwidth=111.0pt
* \marginparsep=11.0pt
* \columnsep=10.0pt
* \skip\footins=9.0pt plus 4.0pt minus 2.0pt
* \hoffset=0.0pt
* \voffset=0.0pt
* \mag=1000
* \@twocolumnfalse
* \@twosidetrue
* \@mparswitchtrue
* \@reversemarginfalse
* (1in=72.27pt=25.4mm, 1cm=28.453pt)


Package fontspec Info: Adjusting the maths setup (use [no-math] to avoid
(fontspec)             this).

\symlegacymaths=\mathgroup4
LaTeX Font Info:    Overwriting symbol font `legacymaths' in version `bold'
(Font)                  OT1/cmr/m/n --> OT1/cmr/bx/n on input line 157.
LaTeX Font Info:    Redeclaring math accent \acute on input line 157.
LaTeX Font Info:    Redeclaring math accent \grave on input line 157.
LaTeX Font Info:    Redeclaring math accent \ddot on input line 157.
LaTeX Font Info:    Redeclaring math accent \tilde on input line 157.
LaTeX Font Info:    Redeclaring math accent \bar on input line 157.
LaTeX Font Info:    Redeclaring math accent \breve on input line 157.
LaTeX Font Info:    Redeclaring math accent \check on input line 157.
LaTeX Font Info:    Redeclaring math accent \hat on input line 157.
LaTeX Font Info:    Redeclaring math accent \dot on input line 157.
LaTeX Font Info:    Redeclaring math accent \mathring on input line 157.
LaTeX Font Info:    Redeclaring math symbol \Gamma on input line 157.
LaTeX Font Info:    Redeclaring math symbol \Delta on input line 157.
LaTeX Font Info:    Redeclaring math symbol \Theta on input line 157.
LaTeX Font Info:    Redeclaring math symbol \Lambda on input line 157.
LaTeX Font Info:    Redeclaring math symbol \Xi on input line 157.
LaTeX Font Info:    Redeclaring math symbol \Pi on input line 157.
LaTeX Font Info:    Redeclaring math symbol \Sigma on input line 157.
LaTeX Font Info:    Redeclaring math symbol \Upsilon on input line 157.
LaTeX Font Info:    Redeclaring math symbol \Phi on input line 157.
LaTeX Font Info:    Redeclaring math symbol \Psi on input line 157.
LaTeX Font Info:    Redeclaring math symbol \Omega on input line 157.
LaTeX Font Info:    Redeclaring math symbol \mathdollar on input line 157.
LaTeX Font Info:    Redeclaring symbol font `operators' on input line 157.
LaTeX Font Info:    Encoding `OT1' has changed to `TU' for symbol font
(Font)              `operators' in the math version `normal' on input line 157.
LaTeX Font Info:    Overwriting symbol font `operators' in version `normal'
(Font)                  OT1/cmr/m/n --> TU/lmr/m/n on input line 157.
LaTeX Font Info:    Encoding `OT1' has changed to `TU' for symbol font
(Font)              `operators' in the math version `bold' on input line 157.
LaTeX Font Info:    Overwriting symbol font `operators' in version `bold'
(Font)                  OT1/cmr/bx/n --> TU/lmr/m/n on input line 157.
LaTeX Font Info:    Overwriting symbol font `operators' in version `normal'
(Font)                  TU/lmr/m/n --> TU/lmr/m/n on input line 157.
LaTeX Font Info:    Overwriting math alphabet `\mathit' in version `normal'
(Font)                  OT1/cmr/m/it --> TU/lmr/m/it on input line 157.
LaTeX Font Info:    Overwriting math alphabet `\mathbf' in version `normal'
(Font)                  OT1/cmr/bx/n --> TU/lmr/b/n on input line 157.
LaTeX Font Info:    Overwriting math alphabet `\mathsf' in version `normal'
(Font)                  OT1/cmss/m/n --> TU/lmss/m/n on input line 157.
LaTeX Font Info:    Overwriting math alphabet `\mathtt' in version `normal'
(Font)                  OT1/cmtt/m/n --> TU/lmtt/m/n on input line 157.
LaTeX Font Info:    Overwriting symbol font `operators' in version `bold'
(Font)                  TU/lmr/m/n --> TU/lmr/b/n on input line 157.
LaTeX Font Info:    Overwriting math alphabet `\mathit' in version `bold'
(Font)                  OT1/cmr/bx/it --> TU/lmr/b/it on input line 157.
LaTeX Font Info:    Overwriting math alphabet `\mathsf' in version `bold'
(Font)                  OT1/cmss/bx/n --> TU/lmss/b/n on input line 157.
LaTeX Font Info:    Overwriting math alphabet `\mathtt' in version `bold'
(Font)                  OT1/cmtt/m/n --> TU/lmtt/b/n on input line 157.
\c@lstlisting=\count365
Package hyperref Info: Link coloring OFF on input line 157.
(./10235101526-张梓卫-Lab3.out) (./10235101526-张梓卫-Lab3.out)
\@outlinefile=\write4
\openout4 = `10235101526-张梓卫-Lab3.out'.



LaTeX Warning: No \author given.

(./10235101526-张梓卫-Lab3.toc)
\tf@toc=\write5
\openout5 = `10235101526-张梓卫-Lab3.toc'.


Package fontspec Info: Could not resolve font "KaiTi/BI" (it probably doesn't
(fontspec)             exist).


Package fontspec Info: Could not resolve font "KaiTi/B" (it probably doesn't
(fontspec)             exist).


Package fontspec Info: Could not resolve font "KaiTi/I" (it probably doesn't
(fontspec)             exist).


Package fontspec Info: Font family 'KaiTi(0)' created for font 'KaiTi' with
(fontspec)             options [Script={CJK}].
(fontspec)              
(fontspec)              This font family consists of the following NFSS
(fontspec)             series/shapes:
(fontspec)              
(fontspec)             - 'normal' (m/n) with NFSS spec.:
(fontspec)             <->"KaiTi/OT:script=hani;language=dflt;"
(fontspec)             - 'small caps'  (m/sc) with NFSS spec.: 

 [1

]
File: Decompression.png Graphic file (type bmp)
<Decompression.png>
 (./ctarget.tex

Package hyperref Warning: Token not allowed in a PDF string (Unicode):
(hyperref)                removing `math shift' on input line 1.


Package hyperref Warning: Token not allowed in a PDF string (Unicode):
(hyperref)                removing `math shift' on input line 1.

(d:/LateX TexLive/texlive/2024/texmf-dist/tex/latex/listings/lstlang1.sty
File: lstlang1.sty 2024/02/21 1.10 listings language file
) (d:/LateX TexLive/texlive/2024/texmf-dist/tex/latex/listings/lstmisc.sty
File: lstmisc.sty 2024/02/21 1.10 (Carsten Heinz)
)

Package hyperref Warning: Token not allowed in a PDF string (Unicode):
(hyperref)                removing `math shift' on input line 15.


Package hyperref Warning: Token not allowed in a PDF string (Unicode):
(hyperref)                removing `math shift' on input line 15.

[2]

Package hyperref Warning: Token not allowed in a PDF string (Unicode):
(hyperref)                removing `math shift' on input line 39.


Package hyperref Warning: Token not allowed in a PDF string (Unicode):
(hyperref)                removing `math shift' on input line 39.


Package hyperref Warning: Token not allowed in a PDF string (Unicode):
(hyperref)                removing `math shift' on input line 49.


Package hyperref Warning: Token not allowed in a PDF string (Unicode):
(hyperref)                removing `math shift' on input line 49.

[3]
File: Touch1.png Graphic file (type bmp)
<Touch1.png>


Package hyperref Warning: Token not allowed in a PDF string (Unicode):
(hyperref)                removing `math shift' on input line 105.


Package hyperref Warning: Token not allowed in a PDF string (Unicode):
(hyperref)                removing `math shift' on input line 105.

[4]

Package hyperref Warning: Token not allowed in a PDF string (Unicode):
(hyperref)                removing `math shift' on input line 144.


Package hyperref Warning: Token not allowed in a PDF string (Unicode):
(hyperref)                removing `math shift' on input line 144.


LaTeX Warning: `!h' float specifier changed to `!ht'.

File: Touch2.png Graphic file (type bmp)
<Touch2.png>
[5] [6]
File: Touch3.png Graphic file (type bmp)
<Touch3.png>
) (./rtarget.tex

Package fontspec Info: Could not resolve font "FangSong/BI" (it probably
(fontspec)             doesn't exist).


Package fontspec Info: Could not resolve font "FangSong/B" (it probably
(fontspec)             doesn't exist).


Package fontspec Info: Could not resolve font "FangSong/I" (it probably
(fontspec)             doesn't exist).


Package fontspec Info: Font family 'FangSong(0)' created for font 'FangSong'
(fontspec)             with options [Script={CJK}].
(fontspec)              
(fontspec)              This font family consists of the following NFSS
(fontspec)             series/shapes:
(fontspec)              
(fontspec)             - 'normal' (m/n) with NFSS spec.:
(fontspec)             <->"FangSong/OT:script=hani;language=dflt;"
(fontspec)             - 'small caps'  (m/sc) with NFSS spec.: 

 [7] [8]
File: Rts1.png Graphic file (type bmp)
<Rts1.png>

Underfull \vbox (badness 3690) has occurred while \output is active []

 [9]
File: Tip.png Graphic file (type bmp)
<Tip.png>
 [10]
File: Rts2.png Graphic file (type bmp)
<Rts2.png>
) [11] [12] 
enddocument/afterlastpage: lastpage setting LastPage.
(./10235101526-张梓卫-Lab3.aux)
 ***********
LaTeX2e <2023-11-01> patch level 1
L3 programming layer <2022/08/05>
 ***********
Package rerunfilecheck Info: File `10235101526-张梓卫-Lab3.out' has not changed.
(rerunfilecheck)             Checksum: 5A7AA1A1AAD141B4D710B3827E5057A0;2986.
 ) 
Here is how much of TeX's memory you used:
 28564 strings out of 474773
 606541 string characters out of 5755059
 2594842 words of memory out of 5000000
 50202 multiletter control sequences out of 15000+600000
 564207 words of font info for 87 fonts, out of 8000000 for 9000
 1348 hyphenation exceptions out of 8191
 93i,14n,97p,429b,1805s stack positions out of 10000i,1000n,20000p,200000b,200000s

Output written on 10235101526-张梓卫-Lab3.pdf (12 pages).
