\BOOKMARK [1][-]{section.1}{\376\377\133\236\232\214\173\200\116\313}{}% 1
\BOOKMARK [1][-]{section.2}{\376\377\133\236\232\214\122\115\177\156\121\306\131\007}{}% 2
\BOOKMARK [1][-]{section.3}{\376\377\133\236\232\214\122\006\147\220\123\312\217\307\172\013}{}% 3
\BOOKMARK [2][-]{subsection.3.1}{\376\377\000T\000o\000u\000c\000h\000\040\0001}{section.3}% 4
\BOOKMARK [3][-]{subsubsection.3.1.1}{\376\377\000g\000e\000t\000b\000u\000f\000\040\154\107\177\026\116\343\170\001\122\006\147\220}{subsection.3.1}% 5
\BOOKMARK [3][-]{subsubsection.3.1.2}{\376\377\000T\000o\000u\000c\000h\000\040\0001\000\040\154\107\177\026\116\343\170\001\122\006\147\220}{subsection.3.1}% 6
\BOOKMARK [3][-]{subsubsection.3.1.3}{\376\377\000\040\000T\000o\000u\000c\000h\000\040\0001\000\040\154\107\177\026\116\343\170\001\211\343\221\312}{subsection.3.1}% 7
\BOOKMARK [3][-]{subsubsection.3.1.4}{\376\377\000T\000o\000u\000c\000h\000\040\0001\000\040\157\017\155\036\154\350\121\145}{subsection.3.1}% 8
\BOOKMARK [3][-]{subsubsection.3.1.5}{\376\377\116\343\170\001\217\320\210\114\217\307\172\013}{subsection.3.1}% 9
\BOOKMARK [3][-]{subsubsection.3.1.6}{\376\377\133\236\232\214\176\323\147\234}{subsection.3.1}% 10
\BOOKMARK [2][-]{subsection.3.2}{\376\377\000T\000o\000u\000c\000h\000\040\0002}{section.3}% 11
\BOOKMARK [3][-]{subsubsection.3.2.1}{\376\377\000T\000o\000u\000c\000h\000\040\0002\000\040\157\017\155\036\154\350\121\145}{subsection.3.2}% 12
\BOOKMARK [3][-]{subsubsection.3.2.2}{\376\377\133\236\232\214\176\323\147\234}{subsection.3.2}% 13
\BOOKMARK [2][-]{subsection.3.3}{\376\377\000T\000o\000u\000c\000h\0003}{section.3}% 14
\BOOKMARK [3][-]{subsubsection.3.3.1}{\376\377\133\236\232\214\211\201\154\102\116\016\140\035\215\357}{subsection.3.3}% 15
\BOOKMARK [3][-]{subsubsection.3.3.2}{\376\377\154\107\177\026\116\343\170\001\122\006\147\220}{subsection.3.3}% 16
\BOOKMARK [3][-]{subsubsection.3.3.3}{\376\377\133\236\232\214\176\323\147\234}{subsection.3.3}% 17
\BOOKMARK [2][-]{subsection.3.4}{\376\377\000r\000t\000a\000r\000g\000e\000t\000.\000c}{section.3}% 18
\BOOKMARK [2][-]{subsection.3.5}{\376\377\000P\000a\000r\000t\000\040\000A}{section.3}% 19
\BOOKMARK [3][-]{subsubsection.3.5.1}{\376\377\145\073\121\373\145\271\150\110\122\006\147\220}{subsection.3.5}% 20
\BOOKMARK [3][-]{subsubsection.3.5.2}{\376\377\000A\000n\000s\000w\000e\000r\000s}{subsection.3.5}% 21
\BOOKMARK [3][-]{subsubsection.3.5.3}{\376\377\133\236\232\214\176\323\147\234}{subsection.3.5}% 22
\BOOKMARK [2][-]{subsection.3.6}{\376\377\000P\000a\000r\000t\000\040\000B}{section.3}% 23
\BOOKMARK [3][-]{subsubsection.3.6.1}{\376\377\145\073\121\373\122\115\177\156\167\345\213\306}{subsection.3.6}% 24
\BOOKMARK [3][-]{subsubsection.3.6.2}{\376\377\145\073\121\373\122\006\147\220\153\145\232\244}{subsection.3.6}% 25
\BOOKMARK [3][-]{subsubsection.3.6.3}{\376\377\000A\000n\000s\000w\000e\000r\000s}{subsection.3.6}% 26
\BOOKMARK [1][-]{section.4}{\376\377\000R\000e\000s\000u\000l\000t}{}% 27
